<?xml version="1.0" encoding="UTF-8"?>
<!-- Generated by org.testng.reporters.JUnitReportReporter -->
<testsuite skipped="0" hostname="Excelance-OHD" name="org.openqa.org.openqa.selenium.NewTest2" tests="4" failures="0" timestamp="03 Jan 2020 01:27:49 GMT" time="0.077" errors="0">
  <testcase name="R" time="0.047" classname="org.openqa.org.openqa.selenium.NewTest2"/>
  <testcase name="A" time="0.015" classname="org.openqa.org.openqa.selenium.NewTest2"/>
  <testcase name="S" time="0.000" classname="org.openqa.org.openqa.selenium.NewTest2"/>
  <testcase name="D" time="0.015" classname="org.openqa.org.openqa.selenium.NewTest2"/>
</testsuite> <!-- org.openqa.org.openqa.selenium.NewTest2 -->
