<?xml version="1.0" encoding="UTF-8"?>
<!-- Generated by org.testng.reporters.JUnitReportReporter -->
<testsuite skipped="0" hostname="Excelance-OHD" name="org.openqa.org.openqa.selenium.NewTest1" tests="1" failures="0" timestamp="03 Jan 2020 01:14:13 GMT" time="0.052" errors="0">
  <testcase name="f" time="0.052" classname="org.openqa.org.openqa.selenium.NewTest1"/>
</testsuite> <!-- org.openqa.org.openqa.selenium.NewTest1 -->
